{"C:\\Users\\bryan\\NextStep\\NextStep\\NextStep\\server\\server.js": {"path":"C:\\Users\\bryan\\NextStep\\NextStep\\NextStep\\server\\server.js","statementMap":{"0":{"start":{"line":14,"column":0},"end":{"line":14,"column":27}},"1":{"start":{"line":15,"column":16},"end":{"line":15,"column":34}},"2":{"start":{"line":16,"column":34},"end":{"line":16,"column":52}},"3":{"start":{"line":17,"column":13},"end":{"line":17,"column":28}},"4":{"start":{"line":18,"column":15},"end":{"line":18,"column":34}},"5":{"start":{"line":19,"column":12},"end":{"line":19,"column":35}},"6":{"start":{"line":20,"column":15},"end":{"line":20,"column":32}},"7":{"start":{"line":21,"column":25},"end":{"line":21,"column":55}},"8":{"start":{"line":22,"column":22},"end":{"line":22,"column":52}},"9":{"start":{"line":23,"column":13},"end":{"line":23,"column":28}},"10":{"start":{"line":24,"column":11},"end":{"line":24,"column":24}},"11":{"start":{"line":27,"column":23},"end":{"line":27,"column":62}},"12":{"start":{"line":28,"column":23},"end":{"line":28,"column":62}},"13":{"start":{"line":29,"column":31},"end":{"line":29,"column":78}},"14":{"start":{"line":30,"column":27},"end":{"line":30,"column":70}},"15":{"start":{"line":31,"column":38},"end":{"line":31,"column":80}},"16":{"start":{"line":34,"column":24},"end":{"line":34,"column":52}},"17":{"start":{"line":35,"column":29},"end":{"line":35,"column":66}},"18":{"start":{"line":41,"column":12},"end":{"line":41,"column":21}},"19":{"start":{"line":44,"column":0},"end":{"line":58,"column":3}},"20":{"start":{"line":61,"column":21},"end":{"line":61,"column":67}},"21":{"start":{"line":64,"column":0},"end":{"line":64,"column":24}},"22":{"start":{"line":65,"column":0},"end":{"line":65,"column":16}},"23":{"start":{"line":68,"column":0},"end":{"line":68,"column":56}},"24":{"start":{"line":71,"column":12},"end":{"line":71,"column":35}},"25":{"start":{"line":72,"column":15},"end":{"line":72,"column":69}},"26":{"start":{"line":73,"column":15},"end":{"line":73,"column":35}},"27":{"start":{"line":74,"column":13},"end":{"line":74,"column":37}},"28":{"start":{"line":79,"column":0},"end":{"line":281,"column":6}},"29":{"start":{"line":82,"column":17},"end":{"line":82,"column":34}},"30":{"start":{"line":83,"column":6},"end":{"line":83,"column":25}},"31":{"start":{"line":94,"column":20},"end":{"line":94,"column":21}},"32":{"start":{"line":95,"column":21},"end":{"line":95,"column":22}},"33":{"start":{"line":97,"column":6},"end":{"line":97,"column":85}},"34":{"start":{"line":103,"column":6},"end":{"line":103,"column":49}},"35":{"start":{"line":108,"column":6},"end":{"line":108,"column":49}},"36":{"start":{"line":113,"column":6},"end":{"line":116,"column":9}},"37":{"start":{"line":115,"column":8},"end":{"line":115,"column":70}},"38":{"start":{"line":118,"column":6},"end":{"line":158,"column":9}},"39":{"start":{"line":119,"column":8},"end":{"line":157,"column":9}},"40":{"start":{"line":120,"column":28},"end":{"line":120,"column":37}},"41":{"start":{"line":122,"column":10},"end":{"line":124,"column":11}},"42":{"start":{"line":123,"column":12},"end":{"line":123,"column":85}},"43":{"start":{"line":126,"column":29},"end":{"line":126,"column":66}},"44":{"start":{"line":129,"column":23},"end":{"line":129,"column":77}},"45":{"start":{"line":131,"column":10},"end":{"line":133,"column":11}},"46":{"start":{"line":132,"column":12},"end":{"line":132,"column":81}},"47":{"start":{"line":136,"column":10},"end":{"line":138,"column":11}},"48":{"start":{"line":137,"column":12},"end":{"line":137,"column":85}},"49":{"start":{"line":141,"column":10},"end":{"line":150,"column":12}},"50":{"start":{"line":153,"column":10},"end":{"line":153,"column":49}},"51":{"start":{"line":155,"column":10},"end":{"line":155,"column":60}},"52":{"start":{"line":156,"column":10},"end":{"line":156,"column":68}},"53":{"start":{"line":163,"column":6},"end":{"line":163,"column":74}},"54":{"start":{"line":168,"column":6},"end":{"line":168,"column":88}},"55":{"start":{"line":173,"column":6},"end":{"line":173,"column":57}},"56":{"start":{"line":178,"column":6},"end":{"line":178,"column":50}},"57":{"start":{"line":183,"column":6},"end":{"line":183,"column":81}},"58":{"start":{"line":188,"column":6},"end":{"line":188,"column":74}},"59":{"start":{"line":193,"column":6},"end":{"line":193,"column":69}},"60":{"start":{"line":198,"column":6},"end":{"line":198,"column":135}},"61":{"start":{"line":203,"column":6},"end":{"line":203,"column":48}},"62":{"start":{"line":208,"column":6},"end":{"line":208,"column":58}},"63":{"start":{"line":213,"column":6},"end":{"line":213,"column":68}},"64":{"start":{"line":218,"column":6},"end":{"line":218,"column":72}},"65":{"start":{"line":223,"column":6},"end":{"line":223,"column":95}},"66":{"start":{"line":228,"column":6},"end":{"line":228,"column":73}},"67":{"start":{"line":233,"column":6},"end":{"line":233,"column":86}},"68":{"start":{"line":238,"column":6},"end":{"line":238,"column":101}},"69":{"start":{"line":243,"column":6},"end":{"line":243,"column":116}},"70":{"start":{"line":248,"column":6},"end":{"line":248,"column":114}},"71":{"start":{"line":250,"column":6},"end":{"line":250,"column":72}},"72":{"start":{"line":255,"column":6},"end":{"line":255,"column":96}},"73":{"start":{"line":260,"column":6},"end":{"line":260,"column":81}},"74":{"start":{"line":265,"column":6},"end":{"line":265,"column":87}},"75":{"start":{"line":272,"column":6},"end":{"line":277,"column":7}},"76":{"start":{"line":273,"column":9},"end":{"line":276,"column":12}},"77":{"start":{"line":274,"column":12},"end":{"line":274,"column":64}},"78":{"start":{"line":274,"column":21},"end":{"line":274,"column":64}},"79":{"start":{"line":275,"column":12},"end":{"line":275,"column":60}},"80":{"start":{"line":280,"column":6},"end":{"line":280,"column":59}},"81":{"start":{"line":283,"column":0},"end":{"line":283,"column":21}}},"fnMap":{"0":{"name":"(anonymous_0)","decl":{"start":{"line":81,"column":9},"end":{"line":81,"column":10}},"loc":{"start":{"line":81,"column":15},"end":{"line":278,"column":4}},"line":81},"1":{"name":"(anonymous_1)","decl":{"start":{"line":113,"column":27},"end":{"line":113,"column":28}},"loc":{"start":{"line":113,"column":41},"end":{"line":116,"column":7}},"line":113},"2":{"name":"(anonymous_2)","decl":{"start":{"line":118,"column":31},"end":{"line":118,"column":32}},"loc":{"start":{"line":118,"column":51},"end":{"line":158,"column":7}},"line":118},"3":{"name":"(anonymous_3)","decl":{"start":{"line":273,"column":26},"end":{"line":273,"column":27}},"loc":{"start":{"line":273,"column":35},"end":{"line":276,"column":10}},"line":273},"4":{"name":"(anonymous_4)","decl":{"start":{"line":279,"column":10},"end":{"line":279,"column":11}},"loc":{"start":{"line":279,"column":21},"end":{"line":281,"column":4}},"line":279}},"branchMap":{"0":{"loc":{"start":{"line":47,"column":6},"end":{"line":49,"column":39}},"type":"binary-expr","locations":[{"start":{"line":47,"column":6},"end":{"line":47,"column":38}},{"start":{"line":48,"column":6},"end":{"line":48,"column":37}},{"start":{"line":49,"column":6},"end":{"line":49,"column":39}}],"line":47},"1":{"loc":{"start":{"line":52,"column":8},"end":{"line":52,"column":48}},"type":"binary-expr","locations":[{"start":{"line":52,"column":8},"end":{"line":52,"column":28}},{"start":{"line":52,"column":32},"end":{"line":52,"column":48}}],"line":52},"2":{"loc":{"start":{"line":53,"column":13},"end":{"line":54,"column":31}},"type":"binary-expr","locations":[{"start":{"line":53,"column":13},"end":{"line":53,"column":37}},{"start":{"line":54,"column":3},"end":{"line":54,"column":31}}],"line":53},"3":{"loc":{"start":{"line":72,"column":15},"end":{"line":72,"column":69}},"type":"cond-expr","locations":[{"start":{"line":72,"column":49},"end":{"line":72,"column":60}},{"start":{"line":72,"column":63},"end":{"line":72,"column":69}}],"line":72},"4":{"loc":{"start":{"line":74,"column":13},"end":{"line":74,"column":37}},"type":"binary-expr","locations":[{"start":{"line":74,"column":13},"end":{"line":74,"column":29}},{"start":{"line":74,"column":33},"end":{"line":74,"column":37}}],"line":74},"5":{"loc":{"start":{"line":122,"column":10},"end":{"line":124,"column":11}},"type":"if","locations":[{"start":{"line":122,"column":10},"end":{"line":124,"column":11}},{"start":{},"end":{}}],"line":122},"6":{"loc":{"start":{"line":131,"column":10},"end":{"line":133,"column":11}},"type":"if","locations":[{"start":{"line":131,"column":10},"end":{"line":133,"column":11}},{"start":{},"end":{}}],"line":131},"7":{"loc":{"start":{"line":136,"column":10},"end":{"line":138,"column":11}},"type":"if","locations":[{"start":{"line":136,"column":10},"end":{"line":138,"column":11}},{"start":{},"end":{}}],"line":136},"8":{"loc":{"start":{"line":272,"column":6},"end":{"line":277,"column":7}},"type":"if","locations":[{"start":{"line":272,"column":6},"end":{"line":277,"column":7}},{"start":{},"end":{}}],"line":272},"9":{"loc":{"start":{"line":274,"column":12},"end":{"line":274,"column":64}},"type":"if","locations":[{"start":{"line":274,"column":12},"end":{"line":274,"column":64}},{"start":{},"end":{}}],"line":274}},"s":{"0":1,"1":1,"2":1,"3":1,"4":1,"5":1,"6":1,"7":1,"8":1,"9":1,"10":1,"11":1,"12":1,"13":1,"14":1,"15":1,"16":1,"17":1,"18":1,"19":1,"20":1,"21":1,"22":1,"23":1,"24":1,"25":1,"26":1,"27":1,"28":1,"29":1,"30":1,"31":1,"32":1,"33":1,"34":1,"35":1,"36":1,"37":0,"38":1,"39":0,"40":0,"41":0,"42":0,"43":0,"44":0,"45":0,"46":0,"47":0,"48":0,"49":0,"50":0,"51":0,"52":0,"53":1,"54":1,"55":1,"56":1,"57":1,"58":1,"59":1,"60":1,"61":1,"62":1,"63":1,"64":1,"65":1,"66":1,"67":1,"68":1,"69":1,"70":1,"71":1,"72":1,"73":1,"74":1,"75":1,"76":0,"77":0,"78":0,"79":0,"80":0,"81":1},"f":{"0":1,"1":0,"2":0,"3":0,"4":0},"b":{"0":[1,0,0],"1":[1,0],"2":[1,1],"3":[1,0],"4":[1,0],"5":[0,0],"6":[0,0],"7":[0,0],"8":[0,1],"9":[0,0]},"_coverageSchema":"1a1c01bbd47fc00a2c39e90264f33305004495a9","hash":"72ba435ef567bc594b568188f067e0bd57682313"}
,"C:\\Users\\bryan\\NextStep\\NextStep\\NextStep\\server\\middleware\\auth.js": {"path":"C:\\Users\\bryan\\NextStep\\NextStep\\NextStep\\server\\middleware\\auth.js","statementMap":{"0":{"start":{"line":7,"column":12},"end":{"line":7,"column":35}},"1":{"start":{"line":22,"column":20},"end":{"line":41,"column":1}},"2":{"start":{"line":23,"column":16},"end":{"line":23,"column":56}},"3":{"start":{"line":24,"column":2},"end":{"line":26,"column":3}},"4":{"start":{"line":25,"column":4},"end":{"line":25,"column":86}},"5":{"start":{"line":28,"column":2},"end":{"line":40,"column":3}},"6":{"start":{"line":29,"column":20},"end":{"line":29,"column":61}},"7":{"start":{"line":30,"column":4},"end":{"line":30,"column":23}},"8":{"start":{"line":31,"column":4},"end":{"line":31,"column":11}},"9":{"start":{"line":33,"column":4},"end":{"line":38,"column":5}},"10":{"start":{"line":34,"column":6},"end":{"line":37,"column":9}},"11":{"start":{"line":39,"column":4},"end":{"line":39,"column":76}},"12":{"start":{"line":43,"column":0},"end":{"line":43,"column":33}}},"fnMap":{"0":{"name":"(anonymous_0)","decl":{"start":{"line":22,"column":20},"end":{"line":22,"column":21}},"loc":{"start":{"line":22,"column":40},"end":{"line":41,"column":1}},"line":22}},"branchMap":{"0":{"loc":{"start":{"line":24,"column":2},"end":{"line":26,"column":3}},"type":"if","locations":[{"start":{"line":24,"column":2},"end":{"line":26,"column":3}},{"start":{},"end":{}}],"line":24},"1":{"loc":{"start":{"line":33,"column":4},"end":{"line":38,"column":5}},"type":"if","locations":[{"start":{"line":33,"column":4},"end":{"line":38,"column":5}},{"start":{},"end":{}}],"line":33}},"s":{"0":1,"1":1,"2":36,"3":36,"4":4,"5":32,"6":32,"7":30,"8":30,"9":2,"10":1,"11":1,"12":1},"f":{"0":36},"b":{"0":[4,32],"1":[1,1]},"_coverageSchema":"1a1c01bbd47fc00a2c39e90264f33305004495a9","hash":"6e7696fe6df1fe2b77dcf65fd68aa19bf5780d6b"}
,"C:\\Users\\bryan\\NextStep\\NextStep\\NextStep\\server\\middleware\\contentFilter.js": {"path":"C:\\Users\\bryan\\NextStep\\NextStep\\NextStep\\server\\middleware\\contentFilter.js","statementMap":{"0":{"start":{"line":6,"column":14},"end":{"line":6,"column":30}},"1":{"start":{"line":7,"column":0},"end":{"line":7,"column":27}},"2":{"start":{"line":10,"column":2},"end":{"line":28,"column":3}},"3":{"start":{"line":11,"column":20},"end":{"line":20,"column":5}},"4":{"start":{"line":22,"column":21},"end":{"line":22,"column":41}},"5":{"start":{"line":23,"column":4},"end":{"line":23,"column":25}},"6":{"start":{"line":26,"column":4},"end":{"line":26,"column":62}},"7":{"start":{"line":27,"column":4},"end":{"line":27,"column":16}},"8":{"start":{"line":38,"column":25},"end":{"line":116,"column":1}},"9":{"start":{"line":41,"column":2},"end":{"line":115,"column":3}},"10":{"start":{"line":42,"column":26},"end":{"line":51,"column":5}},"11":{"start":{"line":53,"column":4},"end":{"line":112,"column":5}},"12":{"start":{"line":55,"column":27},"end":{"line":55,"column":33}},"13":{"start":{"line":57,"column":6},"end":{"line":65,"column":7}},"14":{"start":{"line":58,"column":8},"end":{"line":64,"column":9}},"15":{"start":{"line":59,"column":10},"end":{"line":63,"column":11}},"16":{"start":{"line":60,"column":12},"end":{"line":60,"column":52}},"17":{"start":{"line":61,"column":17},"end":{"line":63,"column":11}},"18":{"start":{"line":62,"column":12},"end":{"line":62,"column":62}},"19":{"start":{"line":68,"column":6},"end":{"line":70,"column":7}},"20":{"start":{"line":69,"column":8},"end":{"line":69,"column":22}},"21":{"start":{"line":75,"column":6},"end":{"line":92,"column":7}},"22":{"start":{"line":76,"column":40},"end":{"line":76,"column":86}},"23":{"start":{"line":77,"column":8},"end":{"line":86,"column":10}},"24":{"start":{"line":88,"column":8},"end":{"line":88,"column":62}},"25":{"start":{"line":90,"column":25},"end":{"line":90,"column":58}},"26":{"start":{"line":91,"column":8},"end":{"line":91,"column":34}},"27":{"start":{"line":95,"column":6},"end":{"line":100,"column":7}},"28":{"start":{"line":96,"column":8},"end":{"line":99,"column":11}},"29":{"start":{"line":103,"column":6},"end":{"line":103,"column":13}},"30":{"start":{"line":105,"column":6},"end":{"line":105,"column":78}},"31":{"start":{"line":107,"column":6},"end":{"line":110,"column":9}},"32":{"start":{"line":114,"column":4},"end":{"line":114,"column":11}},"33":{"start":{"line":118,"column":0},"end":{"line":120,"column":2}}},"fnMap":{"0":{"name":"makeApiCall","decl":{"start":{"line":9,"column":15},"end":{"line":9,"column":26}},"loc":{"start":{"line":9,"column":33},"end":{"line":29,"column":1}},"line":9},"1":{"name":"(anonymous_1)","decl":{"start":{"line":38,"column":25},"end":{"line":38,"column":26}},"loc":{"start":{"line":38,"column":51},"end":{"line":116,"column":1}},"line":38}},"branchMap":{"0":{"loc":{"start":{"line":41,"column":2},"end":{"line":115,"column":3}},"type":"if","locations":[{"start":{"line":41,"column":2},"end":{"line":115,"column":3}},{"start":{"line":113,"column":9},"end":{"line":115,"column":3}}],"line":41},"1":{"loc":{"start":{"line":41,"column":6},"end":{"line":41,"column":83}},"type":"binary-expr","locations":[{"start":{"line":41,"column":6},"end":{"line":41,"column":32}},{"start":{"line":41,"column":37},"end":{"line":41,"column":58}},{"start":{"line":41,"column":62},"end":{"line":41,"column":82}}],"line":41},"2":{"loc":{"start":{"line":58,"column":8},"end":{"line":64,"column":9}},"type":"if","locations":[{"start":{"line":58,"column":8},"end":{"line":64,"column":9}},{"start":{},"end":{}}],"line":58},"3":{"loc":{"start":{"line":59,"column":10},"end":{"line":63,"column":11}},"type":"if","locations":[{"start":{"line":59,"column":10},"end":{"line":63,"column":11}},{"start":{"line":61,"column":17},"end":{"line":63,"column":11}}],"line":59},"4":{"loc":{"start":{"line":61,"column":17},"end":{"line":63,"column":11}},"type":"if","locations":[{"start":{"line":61,"column":17},"end":{"line":63,"column":11}},{"start":{},"end":{}}],"line":61},"5":{"loc":{"start":{"line":68,"column":6},"end":{"line":70,"column":7}},"type":"if","locations":[{"start":{"line":68,"column":6},"end":{"line":70,"column":7}},{"start":{},"end":{}}],"line":68},"6":{"loc":{"start":{"line":75,"column":6},"end":{"line":92,"column":7}},"type":"if","locations":[{"start":{"line":75,"column":6},"end":{"line":92,"column":7}},{"start":{"line":87,"column":13},"end":{"line":92,"column":7}}],"line":75},"7":{"loc":{"start":{"line":78,"column":27},"end":{"line":78,"column":58}},"type":"cond-expr","locations":[{"start":{"line":78,"column":53},"end":{"line":78,"column":54}},{"start":{"line":78,"column":57},"end":{"line":78,"column":58}}],"line":78},"8":{"loc":{"start":{"line":79,"column":26},"end":{"line":85,"column":17}},"type":"cond-expr","locations":[{"start":{"line":79,"column":52},"end":{"line":85,"column":12}},{"start":{"line":85,"column":15},"end":{"line":85,"column":17}}],"line":79},"9":{"loc":{"start":{"line":95,"column":6},"end":{"line":100,"column":7}},"type":"if","locations":[{"start":{"line":95,"column":6},"end":{"line":100,"column":7}},{"start":{},"end":{}}],"line":95}},"s":{"0":1,"1":1,"2":0,"3":0,"4":0,"5":0,"6":0,"7":0,"8":1,"9":5,"10":5,"11":5,"12":5,"13":5,"14":40,"15":33,"16":21,"17":12,"18":12,"19":5,"20":0,"21":5,"22":5,"23":5,"24":0,"25":0,"26":0,"27":5,"28":2,"29":3,"30":0,"31":0,"32":0,"33":1},"f":{"0":0,"1":5},"b":{"0":[5,0],"1":[5,5,0],"2":[33,7],"3":[21,12],"4":[12,0],"5":[0,5],"6":[5,0],"7":[2,3],"8":[2,3],"9":[2,3]},"_coverageSchema":"1a1c01bbd47fc00a2c39e90264f33305004495a9","hash":"a3134edcfb5d3654babd5d3d32adc77306387bdc"}
,"C:\\Users\\bryan\\NextStep\\NextStep\\NextStep\\server\\middleware\\mailer.js": {"path":"C:\\Users\\bryan\\NextStep\\NextStep\\NextStep\\server\\middleware\\mailer.js","statementMap":{"0":{"start":{"line":2,"column":0},"end":{"line":2,"column":27}},"1":{"start":{"line":5,"column":11},"end":{"line":5,"column":97}},"2":{"start":{"line":9,"column":18},"end":{"line":33,"column":1}},"3":{"start":{"line":10,"column":2},"end":{"line":32,"column":3}},"4":{"start":{"line":11,"column":20},"end":{"line":28,"column":6}},"5":{"start":{"line":31,"column":4},"end":{"line":31,"column":25}},"6":{"start":{"line":35,"column":0},"end":{"line":37,"column":2}}},"fnMap":{"0":{"name":"(anonymous_0)","decl":{"start":{"line":9,"column":18},"end":{"line":9,"column":19}},"loc":{"start":{"line":9,"column":89},"end":{"line":33,"column":1}},"line":9}},"branchMap":{},"s":{"0":1,"1":1,"2":1,"3":1,"4":1,"5":0,"6":1},"f":{"0":1},"b":{},"_coverageSchema":"1a1c01bbd47fc00a2c39e90264f33305004495a9","hash":"9f6d6ca2ba6cdf864f5aa17f9c11657b83844a91"}
,"C:\\Users\\bryan\\NextStep\\NextStep\\NextStep\\server\\middleware\\smsAuth.js": {"path":"C:\\Users\\bryan\\NextStep\\NextStep\\NextStep\\server\\middleware\\smsAuth.js","statementMap":{},"fnMap":{},"branchMap":{},"s":{},"f":{},"b":{}}
}
