{"C:\\Users\\bryan\\NextStep\\NextStep\\NextStep\\server\\server.js": {"path":"C:\\Users\\bryan\\NextStep\\NextStep\\NextStep\\server\\server.js","statementMap":{"0":{"start":{"line":14,"column":0},"end":{"line":14,"column":27}},"1":{"start":{"line":15,"column":16},"end":{"line":15,"column":34}},"2":{"start":{"line":16,"column":34},"end":{"line":16,"column":52}},"3":{"start":{"line":17,"column":13},"end":{"line":17,"column":28}},"4":{"start":{"line":18,"column":15},"end":{"line":18,"column":34}},"5":{"start":{"line":19,"column":12},"end":{"line":19,"column":35}},"6":{"start":{"line":20,"column":15},"end":{"line":20,"column":32}},"7":{"start":{"line":21,"column":25},"end":{"line":21,"column":55}},"8":{"start":{"line":24,"column":23},"end":{"line":24,"column":62}},"9":{"start":{"line":25,"column":23},"end":{"line":25,"column":62}},"10":{"start":{"line":26,"column":31},"end":{"line":26,"column":78}},"11":{"start":{"line":27,"column":27},"end":{"line":27,"column":70}},"12":{"start":{"line":28,"column":38},"end":{"line":28,"column":80}},"13":{"start":{"line":31,"column":24},"end":{"line":31,"column":52}},"14":{"start":{"line":37,"column":12},"end":{"line":37,"column":21}},"15":{"start":{"line":40,"column":0},"end":{"line":49,"column":3}},"16":{"start":{"line":52,"column":21},"end":{"line":52,"column":67}},"17":{"start":{"line":55,"column":0},"end":{"line":55,"column":24}},"18":{"start":{"line":56,"column":0},"end":{"line":56,"column":16}},"19":{"start":{"line":59,"column":12},"end":{"line":59,"column":35}},"20":{"start":{"line":60,"column":15},"end":{"line":60,"column":69}},"21":{"start":{"line":61,"column":15},"end":{"line":61,"column":35}},"22":{"start":{"line":62,"column":13},"end":{"line":62,"column":37}},"23":{"start":{"line":67,"column":0},"end":{"line":214,"column":5}},"24":{"start":{"line":70,"column":15},"end":{"line":70,"column":32}},"25":{"start":{"line":71,"column":4},"end":{"line":71,"column":23}},"26":{"start":{"line":82,"column":18},"end":{"line":82,"column":19}},"27":{"start":{"line":83,"column":19},"end":{"line":83,"column":20}},"28":{"start":{"line":85,"column":4},"end":{"line":85,"column":83}},"29":{"start":{"line":91,"column":4},"end":{"line":91,"column":47}},"30":{"start":{"line":96,"column":4},"end":{"line":96,"column":47}},"31":{"start":{"line":101,"column":4},"end":{"line":101,"column":86}},"32":{"start":{"line":106,"column":4},"end":{"line":106,"column":55}},"33":{"start":{"line":111,"column":4},"end":{"line":111,"column":48}},"34":{"start":{"line":116,"column":4},"end":{"line":116,"column":61}},"35":{"start":{"line":121,"column":4},"end":{"line":121,"column":72}},"36":{"start":{"line":126,"column":4},"end":{"line":126,"column":67}},"37":{"start":{"line":131,"column":4},"end":{"line":131,"column":133}},"38":{"start":{"line":136,"column":4},"end":{"line":136,"column":46}},"39":{"start":{"line":141,"column":4},"end":{"line":141,"column":56}},"40":{"start":{"line":146,"column":4},"end":{"line":146,"column":66}},"41":{"start":{"line":151,"column":4},"end":{"line":151,"column":70}},"42":{"start":{"line":156,"column":4},"end":{"line":156,"column":93}},"43":{"start":{"line":161,"column":4},"end":{"line":161,"column":71}},"44":{"start":{"line":166,"column":4},"end":{"line":166,"column":84}},"45":{"start":{"line":171,"column":4},"end":{"line":171,"column":99}},"46":{"start":{"line":176,"column":4},"end":{"line":176,"column":114}},"47":{"start":{"line":181,"column":4},"end":{"line":181,"column":112}},"48":{"start":{"line":183,"column":4},"end":{"line":183,"column":70}},"49":{"start":{"line":188,"column":4},"end":{"line":188,"column":76}},"50":{"start":{"line":193,"column":4},"end":{"line":193,"column":79}},"51":{"start":{"line":198,"column":4},"end":{"line":198,"column":85}},"52":{"start":{"line":205,"column":4},"end":{"line":210,"column":5}},"53":{"start":{"line":206,"column":6},"end":{"line":209,"column":9}},"54":{"start":{"line":207,"column":8},"end":{"line":207,"column":60}},"55":{"start":{"line":207,"column":17},"end":{"line":207,"column":60}},"56":{"start":{"line":208,"column":8},"end":{"line":208,"column":56}},"57":{"start":{"line":213,"column":4},"end":{"line":213,"column":57}},"58":{"start":{"line":216,"column":0},"end":{"line":216,"column":21}}},"fnMap":{"0":{"name":"(anonymous_0)","decl":{"start":{"line":69,"column":8},"end":{"line":69,"column":9}},"loc":{"start":{"line":69,"column":14},"end":{"line":211,"column":3}},"line":69},"1":{"name":"(anonymous_1)","decl":{"start":{"line":206,"column":23},"end":{"line":206,"column":24}},"loc":{"start":{"line":206,"column":32},"end":{"line":209,"column":7}},"line":206},"2":{"name":"(anonymous_2)","decl":{"start":{"line":212,"column":9},"end":{"line":212,"column":10}},"loc":{"start":{"line":212,"column":20},"end":{"line":214,"column":3}},"line":212}},"branchMap":{"0":{"loc":{"start":{"line":43,"column":4},"end":{"line":45,"column":37}},"type":"binary-expr","locations":[{"start":{"line":43,"column":4},"end":{"line":43,"column":36}},{"start":{"line":44,"column":4},"end":{"line":44,"column":35}},{"start":{"line":45,"column":4},"end":{"line":45,"column":37}}],"line":43},"1":{"loc":{"start":{"line":60,"column":15},"end":{"line":60,"column":69}},"type":"cond-expr","locations":[{"start":{"line":60,"column":49},"end":{"line":60,"column":60}},{"start":{"line":60,"column":63},"end":{"line":60,"column":69}}],"line":60},"2":{"loc":{"start":{"line":62,"column":13},"end":{"line":62,"column":37}},"type":"binary-expr","locations":[{"start":{"line":62,"column":13},"end":{"line":62,"column":29}},{"start":{"line":62,"column":33},"end":{"line":62,"column":37}}],"line":62},"3":{"loc":{"start":{"line":205,"column":4},"end":{"line":210,"column":5}},"type":"if","locations":[{"start":{"line":205,"column":4},"end":{"line":210,"column":5}},{"start":{},"end":{}}],"line":205},"4":{"loc":{"start":{"line":207,"column":8},"end":{"line":207,"column":60}},"type":"if","locations":[{"start":{"line":207,"column":8},"end":{"line":207,"column":60}},{"start":{},"end":{}}],"line":207}},"s":{"0":1,"1":1,"2":1,"3":1,"4":1,"5":1,"6":1,"7":1,"8":1,"9":1,"10":1,"11":1,"12":1,"13":1,"14":1,"15":1,"16":1,"17":1,"18":1,"19":1,"20":1,"21":1,"22":1,"23":1,"24":1,"25":1,"26":1,"27":1,"28":1,"29":1,"30":1,"31":1,"32":1,"33":1,"34":1,"35":1,"36":1,"37":1,"38":1,"39":1,"40":1,"41":1,"42":1,"43":1,"44":1,"45":1,"46":1,"47":1,"48":1,"49":1,"50":1,"51":1,"52":1,"53":0,"54":0,"55":0,"56":0,"57":0,"58":1},"f":{"0":1,"1":0,"2":0},"b":{"0":[1,0,0],"1":[1,0],"2":[1,0],"3":[0,1],"4":[0,0]},"_coverageSchema":"1a1c01bbd47fc00a2c39e90264f33305004495a9","hash":"c56ba4d8b78e08284f90f331f668c84827a3711a"}
,"C:\\Users\\bryan\\NextStep\\NextStep\\NextStep\\server\\middleware\\auth.js": {"path":"C:\\Users\\bryan\\NextStep\\NextStep\\NextStep\\server\\middleware\\auth.js","statementMap":{"0":{"start":{"line":7,"column":12},"end":{"line":7,"column":35}},"1":{"start":{"line":22,"column":20},"end":{"line":41,"column":1}},"2":{"start":{"line":23,"column":16},"end":{"line":23,"column":56}},"3":{"start":{"line":24,"column":2},"end":{"line":26,"column":3}},"4":{"start":{"line":25,"column":4},"end":{"line":25,"column":86}},"5":{"start":{"line":28,"column":2},"end":{"line":40,"column":3}},"6":{"start":{"line":29,"column":20},"end":{"line":29,"column":61}},"7":{"start":{"line":30,"column":4},"end":{"line":30,"column":23}},"8":{"start":{"line":31,"column":4},"end":{"line":31,"column":11}},"9":{"start":{"line":33,"column":4},"end":{"line":38,"column":5}},"10":{"start":{"line":34,"column":6},"end":{"line":37,"column":9}},"11":{"start":{"line":39,"column":4},"end":{"line":39,"column":76}},"12":{"start":{"line":43,"column":0},"end":{"line":43,"column":33}}},"fnMap":{"0":{"name":"(anonymous_0)","decl":{"start":{"line":22,"column":20},"end":{"line":22,"column":21}},"loc":{"start":{"line":22,"column":40},"end":{"line":41,"column":1}},"line":22}},"branchMap":{"0":{"loc":{"start":{"line":24,"column":2},"end":{"line":26,"column":3}},"type":"if","locations":[{"start":{"line":24,"column":2},"end":{"line":26,"column":3}},{"start":{},"end":{}}],"line":24},"1":{"loc":{"start":{"line":33,"column":4},"end":{"line":38,"column":5}},"type":"if","locations":[{"start":{"line":33,"column":4},"end":{"line":38,"column":5}},{"start":{},"end":{}}],"line":33}},"s":{"0":1,"1":1,"2":28,"3":28,"4":4,"5":24,"6":24,"7":22,"8":22,"9":2,"10":1,"11":1,"12":1},"f":{"0":28},"b":{"0":[4,24],"1":[1,1]},"_coverageSchema":"1a1c01bbd47fc00a2c39e90264f33305004495a9","hash":"6e7696fe6df1fe2b77dcf65fd68aa19bf5780d6b"}
,"C:\\Users\\bryan\\NextStep\\NextStep\\NextStep\\server\\middleware\\smsAuth.js": {"path":"C:\\Users\\bryan\\NextStep\\NextStep\\NextStep\\server\\middleware\\smsAuth.js","statementMap":{},"fnMap":{},"branchMap":{},"s":{},"f":{},"b":{}}
,"C:\\Users\\bryan\\NextStep\\NextStep\\NextStep\\server\\routes\\authRoutes.js": {"path":"C:\\Users\\bryan\\NextStep\\NextStep\\NextStep\\server\\routes\\authRoutes.js","statementMap":{},"fnMap":{},"branchMap":{},"s":{},"f":{},"b":{}}
}
