TN:
SF:server.js
FN:70,(anonymous_0)
FN:204,(anonymous_1)
FN:220,(anonymous_2)
FN:226,(anonymous_3)
FNF:4
FNH:1
FNDA:1,(anonymous_0)
FNDA:0,(anonymous_1)
FNDA:0,(anonymous_2)
FNDA:0,(anonymous_3)
DA:14,1
DA:15,1
DA:16,1
DA:17,1
DA:18,1
DA:19,1
DA:20,1
DA:21,1
DA:24,1
DA:25,1
DA:26,1
DA:27,1
DA:28,1
DA:31,1
DA:32,1
DA:38,1
DA:41,1
DA:53,1
DA:56,1
DA:57,1
DA:60,1
DA:61,1
DA:62,1
DA:63,1
DA:68,1
DA:71,1
DA:72,1
DA:83,1
DA:84,1
DA:86,1
DA:92,1
DA:97,1
DA:102,1
DA:107,1
DA:112,1
DA:117,1
DA:122,1
DA:127,1
DA:132,1
DA:137,1
DA:142,1
DA:147,1
DA:152,1
DA:157,1
DA:162,1
DA:167,1
DA:172,1
DA:177,1
DA:182,1
DA:184,1
DA:189,1
DA:194,1
DA:199,1
DA:204,1
DA:205,0
DA:206,0
DA:207,0
DA:210,0
DA:211,0
DA:219,1
DA:220,0
DA:221,0
DA:222,0
DA:227,0
DA:230,1
LF:65
LH:56
BRDA:44,0,0,1
BRDA:44,0,1,0
BRDA:44,0,2,0
BRDA:61,1,0,1
BRDA:61,1,1,0
BRDA:63,2,0,1
BRDA:63,2,1,0
BRDA:206,3,0,0
BRDA:206,3,1,0
BRDA:219,4,0,0
BRDA:219,4,1,1
BRDA:221,5,0,0
BRDA:221,5,1,0
BRF:13
BRH:4
end_of_record
TN:
SF:middleware\auth.js
FN:22,(anonymous_0)
FNF:1
FNH:1
FNDA:28,(anonymous_0)
DA:7,1
DA:22,1
DA:23,28
DA:24,28
DA:25,4
DA:28,24
DA:29,24
DA:30,22
DA:31,22
DA:33,2
DA:34,1
DA:39,1
DA:43,1
LF:13
LH:13
BRDA:24,0,0,4
BRDA:24,0,1,24
BRDA:33,1,0,1
BRDA:33,1,1,1
BRF:4
BRH:4
end_of_record
TN:
SF:middleware\contentFilter.js
FN:21,(anonymous_0)
FN:36,(anonymous_1)
FN:92,(anonymous_2)
FNF:3
FNH:2
FNDA:418,(anonymous_0)
FNDA:3,(anonymous_1)
FNDA:0,(anonymous_2)
DA:10,1
DA:21,1
DA:22,418
DA:25,418
DA:26,418
DA:36,1
DA:38,3
DA:39,3
DA:49,3
DA:50,18
DA:51,12
DA:52,228
DA:53,0
DA:62,3
DA:63,3
DA:64,9
DA:65,6
DA:69,6
DA:70,10
DA:71,10
DA:72,190
DA:73,0
DA:84,3
DA:92,1
DA:93,0
DA:99,0
DA:100,0
DA:101,0
DA:102,0
DA:106,0
DA:109,1
LF:31
LH:23
BRDA:22,0,0,0
BRDA:22,0,1,418
BRDA:22,1,0,418
BRDA:22,1,1,418
BRDA:38,2,0,3
BRDA:38,2,1,0
BRDA:38,3,0,3
BRDA:38,3,1,3
BRDA:38,3,2,0
BRDA:50,4,0,12
BRDA:50,4,1,6
BRDA:50,5,0,18
BRDA:50,5,1,12
BRDA:52,6,0,0
BRDA:52,6,1,228
BRDA:64,7,0,6
BRDA:64,7,1,3
BRDA:65,8,0,6
BRDA:65,8,1,0
BRDA:70,9,0,10
BRDA:70,9,1,0
BRDA:72,10,0,0
BRDA:72,10,1,190
BRDA:100,11,0,0
BRDA:100,11,1,0
BRF:25
BRH:16
end_of_record
TN:
SF:middleware\smsAuth.js
FNF:0
FNH:0
LF:0
LH:0
BRF:0
BRH:0
end_of_record
TN:
SF:routes\authRoutes.js
FNF:0
FNH:0
LF:0
LH:0
BRF:0
BRH:0
end_of_record
