TN:
SF:server.js
FN:72,(anonymous_0)
FN:209,(anonymous_1)
FN:215,(anonymous_2)
FNF:3
FNH:1
FNDA:1,(anonymous_0)
FNDA:0,(anonymous_1)
FNDA:0,(anonymous_2)
DA:14,1
DA:15,1
DA:16,1
DA:17,1
DA:18,1
DA:19,1
DA:20,1
DA:21,1
DA:22,1
DA:25,1
DA:26,1
DA:27,1
DA:28,1
DA:29,1
DA:32,1
DA:33,1
DA:39,1
DA:42,1
DA:55,1
DA:58,1
DA:59,1
DA:62,1
DA:63,1
DA:64,1
DA:65,1
DA:70,1
DA:73,1
DA:74,1
DA:85,1
DA:86,1
DA:88,1
DA:94,1
DA:99,1
DA:104,1
DA:109,1
DA:114,1
DA:119,1
DA:124,1
DA:129,1
DA:134,1
DA:139,1
DA:144,1
DA:149,1
DA:154,1
DA:159,1
DA:164,1
DA:169,1
DA:174,1
DA:179,1
DA:184,1
DA:186,1
DA:191,1
DA:196,1
DA:201,1
DA:208,1
DA:209,0
DA:210,0
DA:211,0
DA:216,0
DA:219,1
LF:60
LH:56
BRDA:45,0,0,1
BRDA:45,0,1,0
BRDA:45,0,2,0
BRDA:50,1,0,1
BRDA:50,1,1,0
BRDA:63,2,0,1
BRDA:63,2,1,0
BRDA:65,3,0,1
BRDA:65,3,1,0
BRDA:208,4,0,0
BRDA:208,4,1,1
BRDA:210,5,0,0
BRDA:210,5,1,0
BRF:13
BRH:5
end_of_record
TN:
SF:middleware\auth.js
FN:22,(anonymous_0)
FNF:1
FNH:1
FNDA:36,(anonymous_0)
DA:7,1
DA:22,1
DA:23,36
DA:24,36
DA:25,4
DA:28,32
DA:29,32
DA:30,30
DA:31,30
DA:33,2
DA:34,1
DA:39,1
DA:43,1
LF:13
LH:13
BRDA:24,0,0,4
BRDA:24,0,1,32
BRDA:33,1,0,1
BRDA:33,1,1,1
BRF:4
BRH:4
end_of_record
TN:
SF:middleware\contentFilter.js
FN:21,(anonymous_0)
FN:36,(anonymous_1)
FNF:2
FNH:2
FNDA:686,(anonymous_0)
FNDA:5,(anonymous_1)
DA:10,1
DA:21,1
DA:22,686
DA:25,686
DA:26,686
DA:36,1
DA:38,5
DA:39,5
DA:49,5
DA:50,29
DA:51,23
DA:52,419
DA:53,1
DA:62,4
DA:63,4
DA:64,11
DA:65,8
DA:69,8
DA:70,15
DA:71,15
DA:72,267
DA:73,1
DA:84,3
DA:109,1
LF:24
LH:24
BRDA:22,0,0,0
BRDA:22,0,1,686
BRDA:22,1,0,686
BRDA:22,1,1,686
BRDA:38,2,0,5
BRDA:38,2,1,0
BRDA:38,3,0,5
BRDA:38,3,1,5
BRDA:38,3,2,0
BRDA:50,4,0,23
BRDA:50,4,1,6
BRDA:50,5,0,29
BRDA:50,5,1,23
BRDA:52,6,0,1
BRDA:52,6,1,418
BRDA:64,7,0,8
BRDA:64,7,1,3
BRDA:65,8,0,8
BRDA:65,8,1,0
BRDA:70,9,0,15
BRDA:70,9,1,0
BRDA:72,10,0,1
BRDA:72,10,1,266
BRF:23
BRH:18
end_of_record
TN:
SF:middleware\mailer.js
FN:9,(anonymous_0)
FNF:1
FNH:0
FNDA:0,(anonymous_0)
DA:2,1
DA:5,1
DA:9,1
DA:10,0
DA:11,0
DA:31,0
DA:35,1
LF:7
LH:4
BRF:0
BRH:0
end_of_record
TN:
SF:middleware\smsAuth.js
FNF:0
FNH:0
LF:0
LH:0
BRF:0
BRH:0
end_of_record
